2024-11-06T14:10:01.218Z
cwd: ~/code/github.com/dxw/dxw-prototype-lib
package: govuk-prototype-kit@13.16.2
argv: ~/.nodenv/versions/20.18.0/bin/node ~/code/github.com/dxw/dxw-prototype-lib/node_modules/.bin/govuk-prototype-kit migrate
Started [Check migration is being applied to a pre v13 prototype]
Succeeded [Check migration is being applied to a pre v13 prototype]
2024-11-06T14:10:03.730Z
cwd: ~/code/github.com/dxw/dxw-prototype-lib
package: govuk-prototype-kit@13.16.2
argv: ~/.nodenv/versions/20.18.0/bin/node ~/code/github.com/dxw/dxw-prototype-lib/node_modules/.bin/govuk-prototype-kit migrate -- ~/code/github.com/dxw/dxw-prototype-lib
Started [Migrate config.js to config.json]
Started [Update application SCSS file]
Started [Deleted files that are no longer needed]
Started [Deleted directories that are no longer needed]
Started [Delete listen-on-port.js]
Started [Delete start.js]
Started [Delete VERSION.txt]
Started [Delete Procfile]
Started [Delete app/assets/sass/application-ie8.scss]
Started [Delete app/assets/sass/unbranded-ie8.scss]
Started [Remove unused directory docs]
Started [Remove unused directory lib]
Started [Delete server.js]
Succeeded [Migrate config.js to config.json]
Succeeded [Delete start.js]
Succeeded [Delete listen-on-port.js]
Succeeded [Delete app/assets/sass/application-ie8.scss]
Succeeded [Delete app/assets/sass/unbranded-ie8.scss]
Succeeded [Delete VERSION.txt]
Succeeded [Delete Procfile]
Succeeded [Delete server.js]
Succeeded [Deleted files that are no longer needed]
Found [// Add your routes here - above the module.exports line] in [app/routes.js], replacing
Started [Overwrite app/views/layout.html]
Started [Overwrite app/filters.js]
Started [Overwrite app/assets/javascripts/application.js]
Found [// Add extra styles here, or re-organise the Sass files in whichever way makes most sense to you] in [app/assets/sass/application.scss], replacing
Started [Delete app/assets/images/separator.png]
Started [Delete app/assets/images/unbranded.ico]
Started [Delete app/assets/sass/unbranded.scss]
Started [Delete app/views/includes/breadcrumb_examples.html]
Started [Delete app/assets/images/separator-2x.png]
Started [Delete app/views/layout_unbranded.html]
Started [Delete app/views/includes/scripts.html]
Keeping these lines from old file
Started [Delete app/assets/sass/patterns/_contents-list.scss]
Started [Delete app/views/includes/head.html]
Started [Delete app/assets/sass/patterns/_mainstream-guide.scss]
Started [Delete app/assets/sass/patterns/_related-items.scss]
Started [Delete app/assets/sass/patterns/_pagination.scss]
Failed [Overwrite app/views/layout.html]
Started [Delete app/assets/sass/patterns/_task-list.scss]
Started [Delete app/assets/javascripts/auto-store-data.js]
Copying from [node_modules/govuk-prototype-kit/prototype-starter/app/filters.js] to [app/filters.js]
Copying from [node_modules/govuk-prototype-kit/prototype-starter/app/assets/javascripts/application.js] to [app/assets/javascripts/application.js]
Started [Delete app/assets/javascripts/jquery-1.11.3.js]
Keeping these lines from old file
Failed [Delete app/views/layout_unbranded.html]
Succeeded [Delete app/assets/sass/unbranded.scss]
Succeeded [Delete app/views/includes/breadcrumb_examples.html]
Succeeded [Delete app/assets/images/unbranded.ico]
Succeeded [Delete app/assets/images/separator-2x.png]
Succeeded [Delete app/views/includes/scripts.html]
Succeeded [Delete app/assets/sass/patterns/_contents-list.scss]
Succeeded [Delete app/views/includes/head.html]
Succeeded [Delete app/assets/sass/patterns/_mainstream-guide.scss]
Succeeded [Delete app/assets/images/separator.png]
Succeeded [Delete app/assets/sass/patterns/_pagination.scss]
Succeeded [Delete app/assets/sass/patterns/_related-items.scss]
Succeeded [Delete app/assets/sass/patterns/_task-list.scss]
Succeeded [Delete app/assets/javascripts/auto-store-data.js]
Succeeded [Delete app/assets/javascripts/jquery-1.11.3.js]
Succeeded [Update application SCSS file]
//,// For guidance on how to create routes see:,// https://prototype-kit.service.gov.uk/docs/create-routes,//,,const govukPrototypeKit = require('govuk-prototype-kit'),const router = govukPrototypeKit.requests.setupRouter(),,// Add your routes here,,,// Routes for specific projects,require('./routes/examples/routes.js')(router);,require('./routes/exercises/routes.js')(router);,,,module.exports = router
Succeeded [Remove unused directory lib]
Found [module.exports = router;,module.exports = router] in [app/routes.js], removing
Succeeded [Update routes file]
Succeeded [Remove unused directory docs]
Succeeded [Deleted directories that are no longer needed]
Succeeded [Overwrite app/assets/javascripts/application.js]
Succeeded [Overwrite app/filters.js]
Started [Remove old pattern includes from application SCSS file]
Succeeded [Remove old pattern includes from application SCSS file]
Started [Remove empty directory app/assets/sass/patterns]
Started [Remove empty directory app/assets/images]
Started [Remove empty directory app/views/includes]
Skipped deleting app/assets/images
Succeeded [Remove empty directory app/assets/sass/patterns]
Succeeded [Remove empty directory app/views/includes]
2024-11-06T14:12:53.788Z
cwd: ~/code/github.com/dxw/dxw-prototype-lib
package: govuk-prototype-kit@13.16.2
argv: ~/.nodenv/versions/20.18.0/bin/node ~/code/github.com/dxw/dxw-prototype-lib/node_modules/.bin/govuk-prototype-kit migrate
Started [Check migration is being applied to a pre v13 prototype]
Succeeded [Check migration is being applied to a pre v13 prototype]
2024-11-06T14:12:54.575Z
cwd: ~/code/github.com/dxw/dxw-prototype-lib
package: govuk-prototype-kit@13.16.2
argv: ~/.nodenv/versions/20.18.0/bin/node ~/code/github.com/dxw/dxw-prototype-lib/node_modules/.bin/govuk-prototype-kit migrate -- ~/code/github.com/dxw/dxw-prototype-lib
Started [Migrate config.js to config.json]
Started [Update application SCSS file]
Started [Deleted files that are no longer needed]
Started [Deleted directories that are no longer needed]
Started [Delete listen-on-port.js]
Started [Delete server.js]
Started [Delete VERSION.txt]
Started [Delete start.js]
Started [Delete Procfile]
Started [Delete app/assets/sass/unbranded-ie8.scss]
Started [Delete app/assets/sass/application-ie8.scss]
Started [Remove unused directory docs]
Started [Remove unused directory lib]
Succeeded [Migrate config.js to config.json]
Succeeded [Delete listen-on-port.js]
Succeeded [Delete app/assets/sass/unbranded-ie8.scss]
Succeeded [Delete server.js]
Succeeded [Delete Procfile]
Succeeded [Delete start.js]
Succeeded [Delete VERSION.txt]
Succeeded [Delete app/assets/sass/application-ie8.scss]
Succeeded [Deleted files that are no longer needed]
Found [// Add your routes here - above the module.exports line] in [app/routes.js], replacing
Started [Overwrite app/assets/javascripts/application.js]
Started [Overwrite app/filters.js]
Started [Delete app/assets/images/separator-2x.png]
Keeping these lines from old file
Started [Overwrite app/views/layout.html]
Started [Delete app/assets/images/separator.png]
Started [Delete app/assets/images/unbranded.ico]
Started [Delete app/assets/javascripts/auto-store-data.js]
Started [Delete app/assets/javascripts/jquery-1.11.3.js]
Started [Delete app/assets/sass/unbranded.scss]
Started [Delete app/views/includes/breadcrumb_examples.html]
Started [Delete app/views/includes/head.html]
Started [Delete app/views/includes/scripts.html]
Started [Delete app/assets/sass/patterns/_contents-list.scss]
Found [// Add extra styles here, or re-organise the Sass files in whichever way makes most sense to you] in [app/assets/sass/application.scss], replacing
Started [Delete app/assets/sass/patterns/_mainstream-guide.scss]
Copying from [node_modules/govuk-prototype-kit/prototype-starter/app/assets/javascripts/application.js] to [app/assets/javascripts/application.js]
Copying from [node_modules/govuk-prototype-kit/prototype-starter/app/filters.js] to [app/filters.js]
Started [Delete app/assets/sass/patterns/_pagination.scss]
Started [Delete app/assets/sass/patterns/_task-list.scss]
Started [Delete app/assets/sass/patterns/_related-items.scss]
Copying from [node_modules/govuk-prototype-kit/prototype-starter/app/views/layouts/main.html] to [app/views/layout.html]
Keeping these lines from old file
Succeeded [Delete app/assets/images/separator-2x.png]
Succeeded [Delete app/assets/images/separator.png]
Succeeded [Delete app/assets/images/unbranded.ico]
Succeeded [Delete app/assets/javascripts/auto-store-data.js]
Succeeded [Delete app/assets/javascripts/jquery-1.11.3.js]
Succeeded [Delete app/views/includes/breadcrumb_examples.html]
Succeeded [Delete app/assets/sass/unbranded.scss]
Succeeded [Delete app/views/includes/head.html]
Succeeded [Delete app/views/includes/scripts.html]
Succeeded [Delete app/assets/sass/patterns/_contents-list.scss]
Succeeded [Delete app/assets/sass/patterns/_pagination.scss]
Succeeded [Delete app/assets/sass/patterns/_mainstream-guide.scss]
Succeeded [Delete app/assets/sass/patterns/_related-items.scss]
Succeeded [Delete app/assets/sass/patterns/_task-list.scss]
Succeeded [Update application SCSS file]
//,// For guidance on how to create routes see:,// https://prototype-kit.service.gov.uk/docs/create-routes,//,,const govukPrototypeKit = require('govuk-prototype-kit'),const router = govukPrototypeKit.requests.setupRouter(),,// Add your routes here,,,// Routes for specific projects,require('./routes/examples/routes.js')(router);,require('./routes/exercises/routes.js')(router);,,,module.exports = router
Found [module.exports = router;,module.exports = router] in [app/routes.js], removing
Succeeded [Remove unused directory lib]
Succeeded [Update routes file]
Succeeded [Remove unused directory docs]
Succeeded [Deleted directories that are no longer needed]
Succeeded [Overwrite app/filters.js]
Succeeded [Overwrite app/views/layout.html]
Succeeded [Overwrite app/assets/javascripts/application.js]
Started [Remove old pattern includes from application SCSS file]
Succeeded [Remove old pattern includes from application SCSS file]
Started [Remove empty directory app/assets/sass/patterns]
Started [Remove empty directory app/assets/images]
Started [Remove empty directory app/views/includes]
Skipped deleting app/assets/images
Succeeded [Remove empty directory app/assets/sass/patterns]
Succeeded [Remove empty directory app/views/includes]
